#
# There is insufficient memory for the Java Runtime Environment to continue.
# Native memory allocation (malloc) failed to allocate 32744 bytes for ChunkPool::allocate
# Possible reasons:
#   The system is out of physical RAM or swap space
#   The process is running with CompressedOops enabled, and the Java Heap may be blocking the growth of the native heap
# Possible solutions:
#   Reduce memory load on the system
#   Increase physical memory or swap space
#   Check if swap backing store is full
#   Decrease Java heap size (-Xmx/-Xms)
#   Decrease number of Java threads
#   Decrease Java thread stack sizes (-Xss)
#   Set larger code cache with -XX:ReservedCodeCacheSize=
#   JVM is running with Unscaled Compressed Oops mode in which the Java heap is
#     placed in the first 4GB address space. The Java Heap base address is the
#     maximum limit for the native heap growth. Please use -XX:HeapBaseMinAddress
#     to set the Java Heap base and to place the Java Heap above 4GB virtual address.
# This output file may be truncated or incomplete.
#
#  Out of Memory Error (allocation.cpp:272), pid=29248, tid=0x0000000000006808
#
# JRE version: OpenJDK Runtime Environment (8.0_242-b01) (build 1.8.0_242-release-1644-b01)
# Java VM: OpenJDK 64-Bit Server VM (25.242-b01 mixed mode windows-amd64 compressed oops)
# Failed to write core dump. Minidumps are not enabled by default on client versions of Windows
#

---------------  T H R E A D  ---------------

Current thread (0x0000000018632800):  JavaThread "C1 CompilerThread3" daemon [_thread_in_native, id=26632, stack(0x00000000191d0000,0x00000000192d0000)]

Stack: [0x00000000191d0000,0x00000000192d0000]
[error occurred during error reporting (printing stack bounds), id 0xc0000005]

Native frames: (J=compiled Java code, j=interpreted, Vv=VM code, C=native code)


Current CompileTask:
C1:   6586 1780       3       java.lang.Class$MethodArray::add (72 bytes)


---------------  P R O C E S S  ---------------

Java Threads: ( => current thread )
  0x0000000019cf2000 JavaThread "Cache worker for file hash cache (C:\Users\Gramm\Desktop\queueMe\.gradle\5.4.1\fileHashes)" [_thread_blocked, id=26800, stack(0x000000001f690000,0x000000001f790000)]
  0x0000000019cf5800 JavaThread "Cache worker for journal cache (C:\Users\Gramm\.gradle\caches\journal-1)" [_thread_blocked, id=28256, stack(0x000000001c220000,0x000000001c320000)]
  0x0000000019cf1000 JavaThread "File lock request listener" [_thread_in_native, id=9800, stack(0x000000001c120000,0x000000001c220000)]
  0x0000000019cf5000 JavaThread "Cache worker for file hash cache (C:\Users\Gramm\.gradle\caches\5.4.1\fileHashes)" [_thread_blocked, id=2504, stack(0x000000001c020000,0x000000001c120000)]
  0x000000001a982800 JavaThread "Thread-9" [_thread_blocked, id=12696, stack(0x000000001bf20000,0x000000001c020000)]
  0x000000001a968800 JavaThread "Stdin handler" [_thread_blocked, id=21840, stack(0x000000001be20000,0x000000001bf20000)]
  0x000000001a977800 JavaThread "Asynchronous log dispatcher for DefaultDaemonConnection: socket connection from /127.0.0.1:56474 to /127.0.0.1:56475" [_thread_blocked, id=16728, stack(0x000000001bc20000,0x000000001bd20000)]
  0x000000001a965800 JavaThread "Daemon worker" [_thread_in_vm, id=25096, stack(0x000000001bb20000,0x000000001bc20000)]
  0x000000001a964800 JavaThread "Cancel handler" [_thread_blocked, id=15036, stack(0x000000001ba20000,0x000000001bb20000)]
  0x000000001a70c000 JavaThread "Handler for socket connection from /127.0.0.1:56474 to /127.0.0.1:56475" [_thread_in_native, id=28268, stack(0x000000001b720000,0x000000001b820000)]
  0x000000001a70b000 JavaThread "Daemon" [_thread_blocked, id=21800, stack(0x000000001b620000,0x000000001b720000)]
  0x000000001a7d7800 JavaThread "Daemon periodic checks" [_thread_blocked, id=28792, stack(0x000000001b520000,0x000000001b620000)]
  0x000000001a7da000 JavaThread "Incoming local TCP Connector on port 56474" [_thread_in_native, id=29048, stack(0x000000001b2e0000,0x000000001b3e0000)]
  0x000000001a615800 JavaThread "Daemon health stats" [_thread_blocked, id=15924, stack(0x000000001aca0000,0x000000001ada0000)]
  0x000000001868f800 JavaThread "Service Thread" daemon [_thread_blocked, id=14852, stack(0x00000000192d0000,0x00000000193d0000)]
=>0x0000000018632800 JavaThread "C1 CompilerThread3" daemon [_thread_in_native, id=26632, stack(0x00000000191d0000,0x00000000192d0000)]
  0x000000001860f000 JavaThread "C2 CompilerThread2" daemon [_thread_blocked, id=28904, stack(0x00000000190d0000,0x00000000191d0000)]
  0x000000001681d800 JavaThread "C2 CompilerThread1" daemon [_thread_in_native, id=28892, stack(0x0000000018fd0000,0x00000000190d0000)]
  0x000000001681b000 JavaThread "C2 CompilerThread0" daemon [_thread_in_native, id=13028, stack(0x0000000018ed0000,0x0000000018fd0000)]
  0x000000001681a000 JavaThread "Attach Listener" daemon [_thread_blocked, id=29564, stack(0x0000000018dd0000,0x0000000018ed0000)]
  0x0000000018604000 JavaThread "Signal Dispatcher" daemon [_thread_blocked, id=20412, stack(0x0000000018cd0000,0x0000000018dd0000)]
  0x00000000185f1000 JavaThread "Finalizer" daemon [_thread_blocked, id=23908, stack(0x0000000018ad0000,0x0000000018bd0000)]
  0x00000000185f0800 JavaThread "Reference Handler" daemon [_thread_blocked, id=10644, stack(0x00000000189d0000,0x0000000018ad0000)]
  0x0000000002952800 JavaThread "main" [_thread_blocked, id=17192, stack(0x00000000027f0000,0x00000000028f0000)]

Other Threads:
  0x0000000016806800 VMThread [stack: 0x00000000184d0000,0x00000000185d0000] [id=10704]
  0x0000000018690800 WatcherThread [stack: 0x00000000193d0000,0x00000000194d0000] [id=9840]

VM state:not at safepoint (normal execution)

VM Mutex/Monitor currently owned by a thread: None

heap address: 0x00000000a0000000, size: 1536 MB, Compressed Oops mode: 32-bit
Narrow klass base: 0x0000000000000000, Narrow klass shift: 3
Compressed class space size: 1073741824 Address: 0x0000000100000000

Heap:
 PSYoungGen      total 141824K, used 63910K [0x00000000e0000000, 0x00000000e9500000, 0x0000000100000000)
  eden space 131072K, 40% used [0x00000000e0000000,0x00000000e345c648,0x00000000e8000000)
  from space 10752K, 95% used [0x00000000e8a80000,0x00000000e948d2b0,0x00000000e9500000)
  to   space 10752K, 0% used [0x00000000e8000000,0x00000000e8000000,0x00000000e8a80000)
 ParOldGen       total 175104K, used 24K [0x00000000a0000000, 0x00000000aab00000, 0x00000000e0000000)
  object space 175104K, 0% used [0x00000000a0000000,0x00000000a0006000,0x00000000aab00000)
 Metaspace       used 20282K, capacity 20814K, committed 21120K, reserved 1067008K
  class space    used 2934K, capacity 3117K, committed 3200K, reserved 1048576K

Card table byte_map: [0x0000000011e10000,0x0000000012120000] byte_map_base: 0x0000000011910000

Marking Bits: (ParMarkBitMap*) 0x000000007713f030
 Begin Bits: [0x0000000012b20000, 0x0000000014320000)
 End Bits:   [0x0000000014320000, 0x0000000015b20000)

Polling page: 0x0000000000fc0000

CodeCache: size=245760Kb used=6143Kb max_used=6151Kb free=239616Kb
 bounds [0x0000000002a50000, 0x0000000003060000, 0x0000000011a50000]
 total_blobs=2191 nmethods=1775 adapters=328
 compilation: enabled

Compilation events (10 events):
Event: 6.580 Thread 0x0000000018632800 nmethod 1776 0x00000000030525d0 code [0x00000000030527a0, 0x00000000030531c8]
Event: 6.580 Thread 0x0000000018632800 1777       3       java.lang.Class$MethodArray::get (7 bytes)
Event: 6.580 Thread 0x0000000018632800 nmethod 1777 0x0000000003052210 code [0x0000000003052360, 0x00000000030524d0]
Event: 6.580 Thread 0x0000000018632800 1775       3       java.lang.reflect.Method::isDefault (28 bytes)
Event: 6.580 Thread 0x0000000018632800 nmethod 1775 0x0000000003051c10 code [0x0000000003051d80, 0x0000000003052148]
Event: 6.580 Thread 0x0000000018632800 1778       3       org.codehaus.groovy.util.LazyReference::<init> (17 bytes)
Event: 6.581 Thread 0x0000000018632800 nmethod 1778 0x0000000003051650 code [0x00000000030517c0, 0x0000000003051ab0]
Event: 6.581 Thread 0x0000000018632800 1779       3       java.lang.reflect.Method::equals (69 bytes)
Event: 6.583 Thread 0x0000000018632800 nmethod 1779 0x0000000003050a10 code [0x0000000003050ba0, 0x0000000003051508]
Event: 6.583 Thread 0x0000000018632800 1780       3       java.lang.Class$MethodArray::add (72 bytes)

GC Heap History (4 events):
Event: 1.494 GC heap before
{Heap before GC invocations=1 (full 0):
 PSYoungGen      total 76288K, used 65536K [0x00000000e0000000, 0x00000000e5500000, 0x0000000100000000)
  eden space 65536K, 100% used [0x00000000e0000000,0x00000000e4000000,0x00000000e4000000)
  from space 10752K, 0% used [0x00000000e4a80000,0x00000000e4a80000,0x00000000e5500000)
  to   space 10752K, 0% used [0x00000000e4000000,0x00000000e4000000,0x00000000e4a80000)
 ParOldGen       total 175104K, used 0K [0x00000000a0000000, 0x00000000aab00000, 0x00000000e0000000)
  object space 175104K, 0% used [0x00000000a0000000,0x00000000a0000000,0x00000000aab00000)
 Metaspace       used 8312K, capacity 8554K, committed 8832K, reserved 1056768K
  class space    used 1050K, capacity 1109K, committed 1152K, reserved 1048576K
Event: 1.511 GC heap after
Heap after GC invocations=1 (full 0):
 PSYoungGen      total 76288K, used 6474K [0x00000000e0000000, 0x00000000e9500000, 0x0000000100000000)
  eden space 65536K, 0% used [0x00000000e0000000,0x00000000e0000000,0x00000000e4000000)
  from space 10752K, 60% used [0x00000000e4000000,0x00000000e4652848,0x00000000e4a80000)
  to   space 10752K, 0% used [0x00000000e8a80000,0x00000000e8a80000,0x00000000e9500000)
 ParOldGen       total 175104K, used 16K [0x00000000a0000000, 0x00000000aab00000, 0x00000000e0000000)
  object space 175104K, 0% used [0x00000000a0000000,0x00000000a0004000,0x00000000aab00000)
 Metaspace       used 8312K, capacity 8554K, committed 8832K, reserved 1056768K
  class space    used 1050K, capacity 1109K, committed 1152K, reserved 1048576K
}
Event: 3.971 GC heap before
{Heap before GC invocations=2 (full 0):
 PSYoungGen      total 76288K, used 72010K [0x00000000e0000000, 0x00000000e9500000, 0x0000000100000000)
  eden space 65536K, 100% used [0x00000000e0000000,0x00000000e4000000,0x00000000e4000000)
  from space 10752K, 60% used [0x00000000e4000000,0x00000000e4652848,0x00000000e4a80000)
  to   space 10752K, 0% used [0x00000000e8a80000,0x00000000e8a80000,0x00000000e9500000)
 ParOldGen       total 175104K, used 16K [0x00000000a0000000, 0x00000000aab00000, 0x00000000e0000000)
  object space 175104K, 0% used [0x00000000a0000000,0x00000000a0004000,0x00000000aab00000)
 Metaspace       used 15406K, capacity 15890K, committed 16256K, reserved 1062912K
  class space    used 2185K, capacity 2361K, committed 2432K, reserved 1048576K
Event: 3.996 GC heap after
Heap after GC invocations=2 (full 0):
 PSYoungGen      total 141824K, used 10292K [0x00000000e0000000, 0x00000000e9500000, 0x0000000100000000)
  eden space 131072K, 0% used [0x00000000e0000000,0x00000000e0000000,0x00000000e8000000)
  from space 10752K, 95% used [0x00000000e8a80000,0x00000000e948d2b0,0x00000000e9500000)
  to   space 10752K, 0% used [0x00000000e8000000,0x00000000e8000000,0x00000000e8a80000)
 ParOldGen       total 175104K, used 24K [0x00000000a0000000, 0x00000000aab00000, 0x00000000e0000000)
  object space 175104K, 0% used [0x00000000a0000000,0x00000000a0006000,0x00000000aab00000)
 Metaspace       used 15406K, capacity 15890K, committed 16256K, reserved 1062912K
  class space    used 2185K, capacity 2361K, committed 2432K, reserved 1048576K
}

Deoptimization events (10 events):
Event: 5.826 Thread 0x000000001a965800 Uncommon trap: reason=bimorphic action=maybe_recompile pc=0x0000000002effd28 method=java.lang.ClassLoader.loadClass(Ljava/lang/String;Z)Ljava/lang/Class; @ 38
Event: 5.827 Thread 0x000000001a965800 Uncommon trap: reason=bimorphic action=maybe_recompile pc=0x0000000002effd28 method=java.lang.ClassLoader.loadClass(Ljava/lang/String;Z)Ljava/lang/Class; @ 38
Event: 5.828 Thread 0x000000001a965800 Uncommon trap: reason=bimorphic action=maybe_recompile pc=0x0000000002f95c50 method=java.lang.ClassLoader.getPackage(Ljava/lang/String;)Ljava/lang/Package; @ 47
Event: 5.834 Thread 0x000000001a965800 Uncommon trap: reason=unstable_if action=reinterpret pc=0x0000000002f952d0 method=java.net.URLClassLoader.getAndVerifyPackage(Ljava/lang/String;Ljava/util/jar/Manifest;Ljava/net/URL;)Ljava/lang/Package; @ 62
Event: 5.835 Thread 0x000000001a965800 Uncommon trap: reason=bimorphic action=maybe_recompile pc=0x0000000002fc1ee4 method=java.lang.ClassLoader.getPackage(Ljava/lang/String;)Ljava/lang/Package; @ 47
Event: 5.850 Thread 0x000000001a965800 Uncommon trap: reason=unstable_if action=reinterpret pc=0x0000000002fc1ad8 method=java.net.URLClassLoader.getAndVerifyPackage(Ljava/lang/String;Ljava/util/jar/Manifest;Ljava/net/URL;)Ljava/lang/Package; @ 62
Event: 6.522 Thread 0x000000001a965800 Uncommon trap: reason=bimorphic action=maybe_recompile pc=0x0000000003007e78 method=java.io.BufferedInputStream.read([BII)I @ 101
Event: 6.522 Thread 0x000000001a965800 Uncommon trap: reason=bimorphic action=maybe_recompile pc=0x0000000003007e78 method=java.io.BufferedInputStream.read([BII)I @ 101
Event: 6.523 Thread 0x000000001a965800 Uncommon trap: reason=bimorphic action=maybe_recompile pc=0x0000000003007e78 method=java.io.BufferedInputStream.read([BII)I @ 101
Event: 6.524 Thread 0x000000001a965800 Uncommon trap: reason=bimorphic action=maybe_recompile pc=0x0000000003007e78 method=java.io.BufferedInputStream.read([BII)I @ 101

Classes redefined (0 events):
No events

Internal exceptions (10 events):
Event: 5.868 Thread 0x000000001a965800 Exception <a 'java/lang/NoSuchMethodError': <clinit>> (0x00000000e218f8c8) thrown at [C:\src\AOSP-openjdk-git\hotspot\src\share\vm\prims\jni.cpp, line 1615]
Event: 5.995 Thread 0x000000001a965800 Exception <a 'java/lang/NoSuchMethodError': <clinit>> (0x00000000e21e7e98) thrown at [C:\src\AOSP-openjdk-git\hotspot\src\share\vm\prims\jni.cpp, line 1615]
Event: 6.001 Thread 0x000000001a965800 Exception <a 'java/lang/NoSuchMethodError': <clinit>> (0x00000000e21f59b8) thrown at [C:\src\AOSP-openjdk-git\hotspot\src\share\vm\prims\jni.cpp, line 1615]
Event: 6.092 Thread 0x000000001a965800 Exception <a 'java/lang/NoSuchMethodError': <clinit>> (0x00000000e231ed00) thrown at [C:\src\AOSP-openjdk-git\hotspot\src\share\vm\prims\jni.cpp, line 1615]
Event: 6.092 Thread 0x000000001a965800 Exception <a 'java/lang/NoSuchMethodError': <clinit>> (0x00000000e2322da8) thrown at [C:\src\AOSP-openjdk-git\hotspot\src\share\vm\prims\jni.cpp, line 1615]
Event: 6.092 Thread 0x000000001a965800 Exception <a 'java/lang/NoSuchMethodError': <clinit>> (0x00000000e23246e0) thrown at [C:\src\AOSP-openjdk-git\hotspot\src\share\vm\prims\jni.cpp, line 1615]
Event: 6.092 Thread 0x000000001a965800 Exception <a 'java/lang/NoSuchMethodError': <clinit>> (0x00000000e2325b90) thrown at [C:\src\AOSP-openjdk-git\hotspot\src\share\vm\prims\jni.cpp, line 1615]
Event: 6.093 Thread 0x000000001a965800 Exception <a 'java/lang/NoSuchMethodError': <clinit>> (0x00000000e2327290) thrown at [C:\src\AOSP-openjdk-git\hotspot\src\share\vm\prims\jni.cpp, line 1615]
Event: 6.093 Thread 0x000000001a965800 Exception <a 'java/lang/NoSuchMethodError': <clinit>> (0x00000000e2328840) thrown at [C:\src\AOSP-openjdk-git\hotspot\src\share\vm\prims\jni.cpp, line 1615]
Event: 6.093 Thread 0x000000001a965800 Exception <a 'java/lang/NoSuchMethodError': <clinit>> (0x00000000e2329c90) thrown at [C:\src\AOSP-openjdk-git\hotspot\src\share\vm\prims\jni.cpp, line 1615]

Events (10 events):
Event: 6.572 loading class org/codehaus/groovy/util/ReferenceType$SoftRef
Event: 6.572 loading class org/codehaus/groovy/util/ReferenceType$SoftRef done
Event: 6.573 loading class org/codehaus/groovy/transform/trait/Traits$Implemented
Event: 6.573 loading class org/codehaus/groovy/transform/trait/Traits$Implemented done
Event: 6.574 loading class java/util/stream/IntStream
Event: 6.574 loading class java/util/stream/BaseStream
Event: 6.575 loading class java/util/stream/BaseStream done
Event: 6.575 loading class java/util/stream/IntStream done
Event: 6.577 loading class java/util/stream/Stream
Event: 6.577 loading class java/util/stream/Stream done


Dynamic libraries:
0x00007ff755e50000 - 0x00007ff755e81000 	C:\Program Files\Android\Android Studio\jre\bin\java.exe
0x00007ff82e720000 - 0x00007ff82e910000 	C:\WINDOWS\SYSTEM32\ntdll.dll
0x00007ff82e210000 - 0x00007ff82e2c2000 	C:\WINDOWS\System32\KERNEL32.DLL
0x00007ff82c1b0000 - 0x00007ff82c454000 	C:\WINDOWS\System32\KERNELBASE.dll
0x00007ff82e300000 - 0x00007ff82e3a3000 	C:\WINDOWS\System32\ADVAPI32.dll
0x00007ff82e170000 - 0x00007ff82e20e000 	C:\WINDOWS\System32\msvcrt.dll
0x00007ff82ceb0000 - 0x00007ff82cf47000 	C:\WINDOWS\System32\sechost.dll
0x00007ff82dfa0000 - 0x00007ff82e0c0000 	C:\WINDOWS\System32\RPCRT4.dll
0x00007ff82c960000 - 0x00007ff82caf4000 	C:\WINDOWS\System32\USER32.dll
0x00007ff82c090000 - 0x00007ff82c0b1000 	C:\WINDOWS\System32\win32u.dll
0x00007ff82e2d0000 - 0x00007ff82e2f6000 	C:\WINDOWS\System32\GDI32.dll
0x00007ff82c5e0000 - 0x00007ff82c775000 	C:\WINDOWS\System32\gdi32full.dll
0x00007ff82c0e0000 - 0x00007ff82c17e000 	C:\WINDOWS\System32\msvcp_win.dll
0x00007ff82c4e0000 - 0x00007ff82c5da000 	C:\WINDOWS\System32\ucrtbase.dll
0x00007ff81c3a0000 - 0x00007ff81c624000 	C:\WINDOWS\WinSxS\amd64_microsoft.windows.common-controls_6595b64144ccf1df_6.0.18362.900_none_e6beb9d913147d17\COMCTL32.dll
0x00007ff82cb70000 - 0x00007ff82cea5000 	C:\WINDOWS\System32\combase.dll
0x00007ff82c460000 - 0x00007ff82c4e0000 	C:\WINDOWS\System32\bcryptPrimitives.dll
0x00007ff82c930000 - 0x00007ff82c95e000 	C:\WINDOWS\System32\IMM32.DLL
0x00000000516d0000 - 0x00000000517a2000 	C:\Program Files\Android\Android Studio\jre\jre\bin\msvcr100.dll
0x0000000076970000 - 0x00000000771bb000 	C:\Program Files\Android\Android Studio\jre\jre\bin\server\jvm.dll
0x00007ff82de50000 - 0x00007ff82de58000 	C:\WINDOWS\System32\PSAPI.DLL
0x00007ff822440000 - 0x00007ff82244a000 	C:\WINDOWS\SYSTEM32\VERSION.dll
0x00007ff826ff0000 - 0x00007ff827014000 	C:\WINDOWS\SYSTEM32\WINMM.dll
0x00007ff808b20000 - 0x00007ff808b29000 	C:\WINDOWS\SYSTEM32\WSOCK32.dll
0x00007ff82db60000 - 0x00007ff82dbcf000 	C:\WINDOWS\System32\WS2_32.dll
0x00007ff826f80000 - 0x00007ff826fad000 	C:\WINDOWS\SYSTEM32\winmmbase.dll
0x00007ff82c780000 - 0x00007ff82c7ca000 	C:\WINDOWS\System32\cfgmgr32.dll
0x00007ff827f70000 - 0x00007ff827f7f000 	C:\Program Files\Android\Android Studio\jre\jre\bin\verify.dll
0x00007ffffd6a0000 - 0x00007ffffd6c9000 	C:\Program Files\Android\Android Studio\jre\jre\bin\java.dll
0x00007ff81be40000 - 0x00007ff81be56000 	C:\Program Files\Android\Android Studio\jre\jre\bin\zip.dll
0x00007ff82d470000 - 0x00007ff82db56000 	C:\WINDOWS\System32\SHELL32.dll
0x00007ff82e0c0000 - 0x00007ff82e169000 	C:\WINDOWS\System32\shcore.dll
0x00007ff82b6b0000 - 0x00007ff82be30000 	C:\WINDOWS\System32\windows.storage.dll
0x00007ff82b680000 - 0x00007ff82b6a3000 	C:\WINDOWS\System32\profapi.dll
0x00007ff82b5f0000 - 0x00007ff82b63a000 	C:\WINDOWS\System32\powrprof.dll
0x00007ff82b5e0000 - 0x00007ff82b5f0000 	C:\WINDOWS\System32\UMPDC.dll
0x00007ff82dcb0000 - 0x00007ff82dd02000 	C:\WINDOWS\System32\shlwapi.dll
0x00007ff82b640000 - 0x00007ff82b651000 	C:\WINDOWS\System32\kernel.appcore.dll
0x00007ff82c0c0000 - 0x00007ff82c0d7000 	C:\WINDOWS\System32\cryptsp.dll
0x00007ffffc7b0000 - 0x00007ffffc7ca000 	C:\Program Files\Android\Android Studio\jre\jre\bin\net.dll
0x00007ff82ae50000 - 0x00007ff82aeb7000 	C:\WINDOWS\system32\mswsock.dll
0x00007ffffc730000 - 0x00007ffffc743000 	C:\Program Files\Android\Android Studio\jre\jre\bin\nio.dll
0x00007ffff7b80000 - 0x00007ffff7ba6000 	C:\Users\Gramm\.gradle\native\29\windows-amd64\native-platform.dll
0x00007ff827f60000 - 0x00007ff827f6d000 	C:\Program Files\Android\Android Studio\jre\jre\bin\management.dll
0x00007ff82a9c0000 - 0x00007ff82a9f3000 	C:\WINDOWS\system32\rsaenh.dll
0x00007ff82c180000 - 0x00007ff82c1a6000 	C:\WINDOWS\System32\bcrypt.dll
0x00007ff82b500000 - 0x00007ff82b525000 	C:\WINDOWS\SYSTEM32\USERENV.dll
0x00007ff82b020000 - 0x00007ff82b02c000 	C:\WINDOWS\SYSTEM32\CRYPTBASE.dll
0x00007ff82ab60000 - 0x00007ff82ab9a000 	C:\WINDOWS\SYSTEM32\IPHLPAPI.DLL
0x00007ff82cb00000 - 0x00007ff82cb08000 	C:\WINDOWS\System32\NSI.dll
0x00007ff8224e0000 - 0x00007ff8224f6000 	C:\WINDOWS\SYSTEM32\dhcpcsvc6.DLL
0x00007ff8224c0000 - 0x00007ff8224dc000 	C:\WINDOWS\SYSTEM32\dhcpcsvc.DLL
0x00007ff82aba0000 - 0x00007ff82ac6b000 	C:\WINDOWS\SYSTEM32\DNSAPI.dll

VM Arguments:
jvm_args: -Xmx1536m -Dfile.encoding=windows-1252 -Duser.country=US -Duser.language=en -Duser.variant 
java_command: org.gradle.launcher.daemon.bootstrap.GradleDaemon 5.4.1
java_class_path (initial): C:\Users\Gramm\.gradle\wrapper\dists\gradle-5.4.1-all\3221gyojl5jsh0helicew7rwx\gradle-5.4.1\lib\gradle-launcher-5.4.1.jar
Launcher Type: SUN_STANDARD

Environment Variables:
PATH=C:\Program Files (x86)\Common Files\Oracle\Java\javapath;C:\Windows\system32;C:\Windows;C:\Windows\System32\Wbem;C:\Windows\System32\WindowsPowerShell\v1.0\;C:\Windows\System32\OpenSSH\;C:\Program Files\Intel\WiFi\bin\;C:\Program Files\Common Files\Intel\WirelessCommon\;C:\Program Files (x86)\NVIDIA Corporation\PhysX\Common;C:\Program Files (x86)\Microsoft SQL Server\Client SDK\ODBC\130\Tools\Binn\;C:\Program Files (x86)\Microsoft SQL Server\140\Tools\Binn\;C:\Program Files (x86)\Microsoft SQL Server\140\DTS\Binn\;C:\Program Files (x86)\Microsoft SQL Server\140\Tools\Binn\ManagementStudio\;C:\Program Files\Microsoft SQL Server\Client SDK\ODBC\130\Tools\Binn\;C:\Program Files\Microsoft SQL Server\140\Tools\Binn\;C:\Program Files\Microsoft SQL Server\140\DTS\Binn\;C:\WINDOWS\system32\config\systemprofile\.dnx\bin;C:\Program Files\Microsoft DNX\Dnvm\;C:\Program Files\Microsoft SQL Server\130\Tools\Binn\;D:\Program Files\Microsoft VS Code\bin;C:\WINDOWS\system32;C:\WINDOWS;C:\WINDOWS\System32\Wbem;C:\WINDOWS\System32\WindowsPowerShell\v1.0\;C:\WINDOWS\System32\OpenSSH\;C:\Users\Gramm\AppData\Local\Microsoft\WindowsApps;C:\Program Files\Intel\WiFi\bin\;C:\Program Files\Common Files\Intel\WirelessCommon\;D:\Microsoft VS Code\Program\bin;D:\Program Files\JetBrains\PhpStorm 2019.2.3\bin;;
USERNAME=Gramm
OS=Windows_NT
PROCESSOR_IDENTIFIER=Intel64 Family 6 Model 94 Stepping 3, GenuineIntel



---------------  S Y S T E M  ---------------

OS: Windows 10.0 , 64 bit Build 18362 (10.0.18362.900)

CPU:total 8 (initial active 8) (4 cores per cpu, 2 threads per core) family 6 model 94 stepping 3, cmov, cx8, fxsr, mmx, sse, sse2, sse3, ssse3, sse4.1, sse4.2, popcnt, avx, avx2, aes, clmul, erms, rtm, 3dnowpref, lzcnt, ht, tsc, tscinvbit, bmi1, bmi2, adx

Memory: 4k page, physical 16650360k(640052k free), swap 32082192k(4108k free)

vm_info: OpenJDK 64-Bit Server VM (25.242-b01) for windows-amd64 JRE (1.8.0_242-release-1644-b01), built by "builder" with MS VC++ 10.0 (VS2010)

time: Fri Jul 03 04:49:40 2020
timezone: SE Asia Standard Time
elapsed time: 6 seconds (0d 0h 0m 6s)

